<?xml version="1.0" encoding="UTF-8"?>
<!-- Generated by org.testng.reporters.JUnitReportReporter -->
<testsuite hostname="PJAYABALAN1-LT" name="Sample.ChipherList" tests="1" failures="0" timestamp="28 Feb 2016 16:24:41 GMT" time="36.575" errors="0">
  <testcase name="ListofChipher" time="36.575" classname="Sample.ChipherList"/>
</testsuite> <!-- Sample.ChipherList -->
