<?xml version="1.0" encoding="UTF-8"?>
<!-- Generated by org.testng.reporters.JUnitReportReporter -->
<testsuite hostname="PJAYABALAN1-LT" name="Sample.DNS_whois" tests="1" failures="0" timestamp="28 Feb 2016 14:17:15 GMT" time="43.991" errors="0">
  <testcase name="whoistool" time="43.991" classname="Sample.DNS_whois"/>
</testsuite> <!-- Sample.DNS_whois -->
