<?xml version="1.0" encoding="UTF-8"?>
<!-- Generated by org.testng.reporters.JUnitReportReporter -->
<testsuite hostname="PJAYABALAN1-LT" name="Sample.DNSreport" tests="1" failures="0" timestamp="28 Feb 2016 14:17:15 GMT" time="107.378" errors="0">
  <testcase name="Dnsreport" time="107.378" classname="Sample.DNSreport"/>
</testsuite> <!-- Sample.DNSreport -->
